{"name": "Проверка совпадения id в ленте заказов и в истории заказов", "status": "broken", "statusDetails": {"message": "selenium.common.exceptions.ElementClickInterceptedException: Message: element click intercepted: Element <a class=\"AppHeader_header__link__3D_hX\" href=\"/feed\">...</a> is not clickable at point (284, 44). Other element would receive the click: <path d=\"M29.425 29H21.361C20.4223 29 19.745 28.7867 19.329 28.36C19.0623 28.0827 18.8863 27.768 18.801 27.416C18.737 27.1813 18.705 26.8187 18.705 26.328V22.2H17.105V20.104H18.705V16.552H21.377V20.104H29.425V22.2H21.377V25.672C21.377 26.1627 21.489 26.4987 21.713 26.68C21.8943 26.8293 22.1983 26.904 22.625 26.904H29.425V29Z\" fill=\"white\"></path>\n  (Session info: chrome-headless-shell=124.0.6367.202)\nStacktrace:\n\tGetHandleVerifier [0x00D1C183+48259]\n\t(No symbol) [0x00CACAB1]\n\t(No symbol) [0x00BA0A17]\n\t(No symbol) [0x00BE69EC]\n\t(No symbol) [0x00BE4E82]\n\t(No symbol) [0x00BE2CEB]\n\t(No symbol) [0x00BE22E7]\n\t(No symbol) [0x00BD7389]\n\t(No symbol) [0x00C00D9C]\n\t(No symbol) [0x00BD6E25]\n\t(No symbol) [0x00C01034]\n\t(No symbol) [0x00C19B9C]\n\t(No symbol) [0x00C00B36]\n\t(No symbol) [0x00BD570D]\n\t(No symbol) [0x00BD62CD]\n\tGetHandleVerifier [0x00FD6613+2908435]\n\tGetHandleVerifier [0x01013C2B+3159851]\n\tGetHandleVerifier [0x00DB513B+674875]\n\tGetHandleVerifier [0x00DBB2FC+699900]\n\t(No symbol) [0x00CB62B4]\n\t(No symbol) [0x00CB2308]\n\t(No symbol) [0x00CB249C]\n\t(No symbol) [0x00CA4C20]\n\tBaseThreadInitThunk [0x76C7FCC9+25]\n\tRtlGetAppContainerNamedObjectPath [0x77387CBE+286]\n\tRtlGetAppContainerNamedObjectPath [0x77387C8E+238]", "trace": "self = <tests.test_order_feed.TestOrderFeed object at 0x0000020EDF3837D0>, driver = <selenium.webdriver.chrome.webdriver.WebDriver (session=\"c2854bcaa1225f7f195a9e80e539bf44\")>\n\n    @allure.title('Проверка совпадения id в ленте заказов и в истории заказов')\n    def test_find_order_in_list(self, driver):\n        pp = ProfilePage(driver)\n        ofp = OrderFeedPage(driver)\n        mp = MainPage(driver)\n    \n        pp.authorization()\n        mp.add_filling_to_order()\n        mp.click_order_button()\n        order_id = mp.get_order_id\n        mp.click_close_window_order()\n        pp.open_profile_page()\n        pp.open_history_page()\n        order_id_history = pp.found_order_at_history(order_id)\n>       mp.click_button_order_feed()\n\ntests\\test_order_feed.py:31: \n_ _ _ _ _ _ _ _ _ _ _ _ _ _ _ _ _ _ _ _ _ _ _ _ _ _ _ _ _ _ _ _ _ _ _ _ _ _ _ _ _ _ _ _ _ _ _ _ _ _ _ _ _ _ _ _ _ _ _ _ _ _ _ _ _ _ _ _ _ _ _ _ _ _ _ _ _ _ _ _ _ _ _ _ _ _ _ _ _ _ _ _ _ _ _ _ _ _ _ _ _ _ _ _ _ _ _ _ _ _ _ _ _ _ _ _ _ _ _ _ _ _\npages\\main_page.py:25: in click_button_order_feed\n    self.click_element_if_clickable(MPL.BUTTON_ORDER_FEED)\npages\\base_page.py:39: in click_element_if_clickable\n    element.click()\n..\\..\\..\\AppData\\Local\\Programs\\Python\\Python312\\Lib\\site-packages\\selenium\\webdriver\\remote\\webelement.py:94: in click\n    self._execute(Command.CLICK_ELEMENT)\n..\\..\\..\\AppData\\Local\\Programs\\Python\\Python312\\Lib\\site-packages\\selenium\\webdriver\\remote\\webelement.py:395: in _execute\n    return self._parent.execute(command, params)\n..\\..\\..\\AppData\\Local\\Programs\\Python\\Python312\\Lib\\site-packages\\selenium\\webdriver\\remote\\webdriver.py:347: in execute\n    self.error_handler.check_response(response)\n_ _ _ _ _ _ _ _ _ _ _ _ _ _ _ _ _ _ _ _ _ _ _ _ _ _ _ _ _ _ _ _ _ _ _ _ _ _ _ _ _ _ _ _ _ _ _ _ _ _ _ _ _ _ _ _ _ _ _ _ _ _ _ _ _ _ _ _ _ _ _ _ _ _ _ _ _ _ _ _ _ _ _ _ _ _ _ _ _ _ _ _ _ _ _ _ _ _ _ _ _ _ _ _ _ _ _ _ _ _ _ _ _ _ _ _ _ _ _ _ _ _\n\nself = <selenium.webdriver.remote.errorhandler.ErrorHandler object at 0x0000020EDFA99F70>\nresponse = {'status': 400, 'value': '{\"value\":{\"error\":\"element click intercepted\",\"message\":\"element click intercepted: Element ...\\n\\\\tRtlGetAppContainerNamedObjectPath [0x77387CBE+286]\\\\n\\\\tRtlGetAppContainerNamedObjectPath [0x77387C8E+238]\\\\n\"}}'}\n\n    def check_response(self, response: Dict[str, Any]) -> None:\n        \"\"\"Checks that a JSON response from the WebDriver does not have an\n        error.\n    \n        :Args:\n         - response - The JSON response from the WebDriver server as a dictionary\n           object.\n    \n        :Raises: If the response contains an error message.\n        \"\"\"\n        status = response.get(\"status\", None)\n        if not status or status == ErrorCode.SUCCESS:\n            return\n        value = None\n        message = response.get(\"message\", \"\")\n        screen: str = response.get(\"screen\", \"\")\n        stacktrace = None\n        if isinstance(status, int):\n            value_json = response.get(\"value\", None)\n            if value_json and isinstance(value_json, str):\n                import json\n    \n                try:\n                    value = json.loads(value_json)\n                    if len(value) == 1:\n                        value = value[\"value\"]\n                    status = value.get(\"error\", None)\n                    if not status:\n                        status = value.get(\"status\", ErrorCode.UNKNOWN_ERROR)\n                        message = value.get(\"value\") or value.get(\"message\")\n                        if not isinstance(message, str):\n                            value = message\n                            message = message.get(\"message\")\n                    else:\n                        message = value.get(\"message\", None)\n                except ValueError:\n                    pass\n    \n        exception_class: Type[WebDriverException]\n        e = ErrorCode()\n        error_codes = [item for item in dir(e) if not item.startswith(\"__\")]\n        for error_code in error_codes:\n            error_info = getattr(ErrorCode, error_code)\n            if isinstance(error_info, list) and status in error_info:\n                exception_class = getattr(ExceptionMapping, error_code, WebDriverException)\n                break\n        else:\n            exception_class = WebDriverException\n    \n        if not value:\n            value = response[\"value\"]\n        if isinstance(value, str):\n            raise exception_class(value)\n        if message == \"\" and \"message\" in value:\n            message = value[\"message\"]\n    \n        screen = None  # type: ignore[assignment]\n        if \"screen\" in value:\n            screen = value[\"screen\"]\n    \n        stacktrace = None\n        st_value = value.get(\"stackTrace\") or value.get(\"stacktrace\")\n        if st_value:\n            if isinstance(st_value, str):\n                stacktrace = st_value.split(\"\\n\")\n            else:\n                stacktrace = []\n                try:\n                    for frame in st_value:\n                        line = frame.get(\"lineNumber\", \"\")\n                        file = frame.get(\"fileName\", \"<anonymous>\")\n                        if line:\n                            file = f\"{file}:{line}\"\n                        meth = frame.get(\"methodName\", \"<anonymous>\")\n                        if \"className\" in frame:\n                            meth = f\"{frame['className']}.{meth}\"\n                        msg = \"    at %s (%s)\"\n                        msg = msg % (meth, file)\n                        stacktrace.append(msg)\n                except TypeError:\n                    pass\n        if exception_class == UnexpectedAlertPresentException:\n            alert_text = None\n            if \"data\" in value:\n                alert_text = value[\"data\"].get(\"text\")\n            elif \"alert\" in value:\n                alert_text = value[\"alert\"].get(\"text\")\n            raise exception_class(message, screen, stacktrace, alert_text)  # type: ignore[call-arg]  # mypy is not smart enough here\n>       raise exception_class(message, screen, stacktrace)\nE       selenium.common.exceptions.ElementClickInterceptedException: Message: element click intercepted: Element <a class=\"AppHeader_header__link__3D_hX\" href=\"/feed\">...</a> is not clickable at point (284, 44). Other element would receive the click: <path d=\"M29.425 29H21.361C20.4223 29 19.745 28.7867 19.329 28.36C19.0623 28.0827 18.8863 27.768 18.801 27.416C18.737 27.1813 18.705 26.8187 18.705 26.328V22.2H17.105V20.104H18.705V16.552H21.377V20.104H29.425V22.2H21.377V25.672C21.377 26.1627 21.489 26.4987 21.713 26.68C21.8943 26.8293 22.1983 26.904 22.625 26.904H29.425V29Z\" fill=\"white\"></path>\nE         (Session info: chrome-headless-shell=124.0.6367.202)\nE       Stacktrace:\nE       \tGetHandleVerifier [0x00D1C183+48259]\nE       \t(No symbol) [0x00CACAB1]\nE       \t(No symbol) [0x00BA0A17]\nE       \t(No symbol) [0x00BE69EC]\nE       \t(No symbol) [0x00BE4E82]\nE       \t(No symbol) [0x00BE2CEB]\nE       \t(No symbol) [0x00BE22E7]\nE       \t(No symbol) [0x00BD7389]\nE       \t(No symbol) [0x00C00D9C]\nE       \t(No symbol) [0x00BD6E25]\nE       \t(No symbol) [0x00C01034]\nE       \t(No symbol) [0x00C19B9C]\nE       \t(No symbol) [0x00C00B36]\nE       \t(No symbol) [0x00BD570D]\nE       \t(No symbol) [0x00BD62CD]\nE       \tGetHandleVerifier [0x00FD6613+2908435]\nE       \tGetHandleVerifier [0x01013C2B+3159851]\nE       \tGetHandleVerifier [0x00DB513B+674875]\nE       \tGetHandleVerifier [0x00DBB2FC+699900]\nE       \t(No symbol) [0x00CB62B4]\nE       \t(No symbol) [0x00CB2308]\nE       \t(No symbol) [0x00CB249C]\nE       \t(No symbol) [0x00CA4C20]\nE       \tBaseThreadInitThunk [0x76C7FCC9+25]\nE       \tRtlGetAppContainerNamedObjectPath [0x77387CBE+286]\nE       \tRtlGetAppContainerNamedObjectPath [0x77387C8E+238]\n\n..\\..\\..\\AppData\\Local\\Programs\\Python\\Python312\\Lib\\site-packages\\selenium\\webdriver\\remote\\errorhandler.py:229: ElementClickInterceptedException"}, "steps": [{"name": "Авторизация", "status": "passed", "start": 1715523637748, "stop": 1715523641288}, {"name": "Перетаскивание ингредиента", "status": "passed", "start": 1715523641288, "stop": 1715523641953}, {"name": "Нажатие на кнопку \"Оформить заказ\"", "status": "passed", "start": 1715523641953, "stop": 1715523642039}, {"name": "Закрытие окна после создания заказа", "status": "passed", "start": 1715523642039, "stop": 1715523643514}, {"name": "Открытие страницы", "status": "passed", "start": 1715523643514, "stop": 1715523643782}, {"name": "Открытие страницы \"История заказов\"", "status": "passed", "start": 1715523643782, "stop": 1715523644371}, {"name": "Проверка нахождение идентификатора заказа в истории", "status": "passed", "parameters": [{"name": "order_id", "value": "<bound method MainPage.get_order_id of <pages.main_page.MainPage object at 0x0000020EDFAAD0D0>>"}], "start": 1715523644371, "stop": 1715523644909}, {"name": "Нажатие на кнопку \"Лента Заказов\"", "status": "broken", "statusDetails": {"message": "selenium.common.exceptions.ElementClickInterceptedException: Message: element click intercepted: Element <a class=\"AppHeader_header__link__3D_hX\" href=\"/feed\">...</a> is not clickable at point (284, 44). Other element would receive the click: <path d=\"M29.425 29H21.361C20.4223 29 19.745 28.7867 19.329 28.36C19.0623 28.0827 18.8863 27.768 18.801 27.416C18.737 27.1813 18.705 26.8187 18.705 26.328V22.2H17.105V20.104H18.705V16.552H21.377V20.104H29.425V22.2H21.377V25.672C21.377 26.1627 21.489 26.4987 21.713 26.68C21.8943 26.8293 22.1983 26.904 22.625 26.904H29.425V29Z\" fill=\"white\"></path>\n  (Session info: chrome-headless-shell=124.0.6367.202)\nStacktrace:\n\tGetHandleVerifier [0x00D1C183+48259]\n\t(No symbol) [0x00CACAB1]\n\t(No symbol) [0x00BA0A17]\n\t(No symbol) [0x00BE69EC]\n\t(No symbol) [0x00BE4E82]\n\t(No symbol) [0x00BE2CEB]\n\t(No symbol) [0x00BE22E7]\n\t(No symbol) [0x00BD7389]\n\t(No symbol) [0x00C00D9C]\n\t(No symbol) [0x00BD6E25]\n\t(No symbol) [0x00C01034]\n\t(No symbol) [0x00C19B9C]\n\t(No symbol) [0x00C00B36]\n\t(No symbol) [0x00BD570D]\n\t(No symbol) [0x00BD62CD]\n\tGetHandleVerifier [0x00FD6613+2908435]\n\tGetHandleVerifier [0x01013C2B+3159851]\n\tGetHandleVerifier [0x00DB513B+674875]\n\tGetHandleVerifier [0x00DBB2FC+699900]\n\t(No symbol) [0x00CB62B4]\n\t(No symbol) [0x00CB2308]\n\t(No symbol) [0x00CB249C]\n\t(No symbol) [0x00CA4C20]\n\tBaseThreadInitThunk [0x76C7FCC9+25]\n\tRtlGetAppContainerNamedObjectPath [0x77387CBE+286]\n\tRtlGetAppContainerNamedObjectPath [0x77387C8E+238]\n\n", "trace": "  File \"C:\\Users\\zalman\\AppData\\Local\\Programs\\Python\\Python312\\Lib\\site-packages\\allure_commons\\_allure.py\", line 192, in impl\n    return func(*a, **kw)\n           ^^^^^^^^^^^^^^\n  File \"C:\\Users\\zalman\\PycharmProjects\\Diplom\\diplom_3\\pages\\main_page.py\", line 25, in click_button_order_feed\n    self.click_element_if_clickable(MPL.BUTTON_ORDER_FEED)\n  File \"C:\\Users\\zalman\\PycharmProjects\\Diplom\\diplom_3\\pages\\base_page.py\", line 39, in click_element_if_clickable\n    element.click()\n  File \"C:\\Users\\zalman\\AppData\\Local\\Programs\\Python\\Python312\\Lib\\site-packages\\selenium\\webdriver\\remote\\webelement.py\", line 94, in click\n    self._execute(Command.CLICK_ELEMENT)\n  File \"C:\\Users\\zalman\\AppData\\Local\\Programs\\Python\\Python312\\Lib\\site-packages\\selenium\\webdriver\\remote\\webelement.py\", line 395, in _execute\n    return self._parent.execute(command, params)\n           ^^^^^^^^^^^^^^^^^^^^^^^^^^^^^^^^^^^^^\n  File \"C:\\Users\\zalman\\AppData\\Local\\Programs\\Python\\Python312\\Lib\\site-packages\\selenium\\webdriver\\remote\\webdriver.py\", line 347, in execute\n    self.error_handler.check_response(response)\n  File \"C:\\Users\\zalman\\AppData\\Local\\Programs\\Python\\Python312\\Lib\\site-packages\\selenium\\webdriver\\remote\\errorhandler.py\", line 229, in check_response\n    raise exception_class(message, screen, stacktrace)\n"}, "start": 1715523644909, "stop": 1715523646034}], "parameters": [{"name": "driver", "value": "'chrome'"}], "start": 1715523637748, "stop": 1715523646039, "uuid": "646f1fa6-d124-43d0-8c38-14b2b574cf5f", "historyId": "cade0f5544e63871dcdb3aea125f73e3", "testCaseId": "72267a88ac80509d3423065609acccc4", "fullName": "tests.test_order_feed.TestOrderFeed#test_find_order_in_list", "labels": [{"name": "parentSuite", "value": "tests"}, {"name": "suite", "value": "test_order_feed"}, {"name": "subSuite", "value": "TestOrderFeed"}, {"name": "host", "value": "zalman"}, {"name": "thread", "value": "18748-MainThread"}, {"name": "framework", "value": "pytest"}, {"name": "language", "value": "cpython3"}, {"name": "package", "value": "tests.test_order_feed"}]}